<?xml version="1.0" encoding="UTF-8"?>
<!-- Generated by org.testng.reporters.JUnitXMLReporter -->
<testsuite ignored="4" hostname="DESKTOP-DROA90H" failures="0" tests="6" name="Test" time="0.449" errors="0" timestamp="2024-08-21T15:31:06 IST">
  <testcase classname="com.Mithila.GroupingMethods" name="Mobile" time="0.214"/>
  <testcase classname="com.Mithila.GroupingMethods" name="Tv" time="0.004"/>
  <testcase classname="com.Mithila.GroupingMethods" name="chicken" time="0.01"/>
  <testcase classname="com.Mithila.GroupingMethods" name="egg" time="0.015"/>
  <testcase classname="com.Mithila.GroupingMethods" name="laptop" time="0.003"/>
  <testcase classname="com.Mithila.GroupingMethods" name="mutton" time="0.003"/>
  <testcase classname="com.Mithila.GroupingMethods" name="idly" time="0.0">
    <ignored/>
  </testcase> <!-- idly -->
  <testcase classname="com.Mithila.GroupingMethods" name="vadai" time="0.0">
    <ignored/>
  </testcase> <!-- vadai -->
  <testcase classname="com.Mithila.GroupingMethods" name="rava" time="0.0">
    <ignored/>
  </testcase> <!-- rava -->
  <testcase classname="com.Mithila.GroupingMethods" name="dosai" time="0.0">
    <ignored/>
  </testcase> <!-- dosai -->
</testsuite> <!-- Test -->
